Determining if the pthread_create exist failed with the following output:
Change Dir: /home/ghost/catkin_ws/build/CMakeFiles/CMakeTmp

Run Build Command:/usr/bin/make "cmTryCompileExec161784381/fast"
/usr/bin/make -f CMakeFiles/cmTryCompileExec161784381.dir/build.make CMakeFiles/cmTryCompileExec161784381.dir/build
make[1]: Entering directory `/home/ghost/catkin_ws/build/CMakeFiles/CMakeTmp'
/usr/bin/cmake -E cmake_progress_report /home/ghost/catkin_ws/build/CMakeFiles/CMakeTmp/CMakeFiles 1
Building C object CMakeFiles/cmTryCompileExec161784381.dir/CheckSymbolExists.c.o
/usr/bin/cc    -o CMakeFiles/cmTryCompileExec161784381.dir/CheckSymbolExists.c.o   -c /home/ghost/catkin_ws/build/CMakeFiles/CMakeTmp/CheckSymbolExists.c
Linking C executable cmTryCompileExec161784381
/usr/bin/cmake -E cmake_link_script CMakeFiles/cmTryCompileExec161784381.dir/link.txt --verbose=1
/usr/bin/cc       CMakeFiles/cmTryCompileExec161784381.dir/CheckSymbolExists.c.o  -o cmTryCompileExec161784381 -rdynamic 
CMakeFiles/cmTryCompileExec161784381.dir/CheckSymbolExists.c.o: In function `main':
CheckSymbolExists.c:(.text+0x16): undefined reference to `pthread_create'
collect2: error: ld returned 1 exit status
make[1]: Leaving directory `/home/ghost/catkin_ws/build/CMakeFiles/CMakeTmp'
make[1]: *** [cmTryCompileExec161784381] Error 1
make: *** [cmTryCompileExec161784381/fast] Error 2

File /home/ghost/catkin_ws/build/CMakeFiles/CMakeTmp/CheckSymbolExists.c:
/* */
#include <pthread.h>

int main(int argc, char** argv)
{
  (void)argv;
#ifndef pthread_create
  return ((int*)(&pthread_create))[argc];
#else
  (void)argc;
  return 0;
#endif
}

Determining if the function pthread_create exists in the pthreads failed with the following output:
Change Dir: /home/ghost/catkin_ws/build/CMakeFiles/CMakeTmp

Run Build Command:/usr/bin/make "cmTryCompileExec3820347489/fast"
/usr/bin/make -f CMakeFiles/cmTryCompileExec3820347489.dir/build.make CMakeFiles/cmTryCompileExec3820347489.dir/build
make[1]: Entering directory `/home/ghost/catkin_ws/build/CMakeFiles/CMakeTmp'
/usr/bin/cmake -E cmake_progress_report /home/ghost/catkin_ws/build/CMakeFiles/CMakeTmp/CMakeFiles 1
Building C object CMakeFiles/cmTryCompileExec3820347489.dir/CheckFunctionExists.c.o
/usr/bin/cc   -DCHECK_FUNCTION_EXISTS=pthread_create   -o CMakeFiles/cmTryCompileExec3820347489.dir/CheckFunctionExists.c.o   -c /usr/share/cmake-2.8/Modules/CheckFunctionExists.c
Linking C executable cmTryCompileExec3820347489
/usr/bin/cmake -E cmake_link_script CMakeFiles/cmTryCompileExec3820347489.dir/link.txt --verbose=1
/usr/bin/cc   -DCHECK_FUNCTION_EXISTS=pthread_create    CMakeFiles/cmTryCompileExec3820347489.dir/CheckFunctionExists.c.o  -o cmTryCompileExec3820347489 -rdynamic -lpthreads 
/usr/bin/ld: cannot find -lpthreads
collect2: error: ld returned 1 exit status
make[1]: *** [cmTryCompileExec3820347489] Error 1
make[1]: Leaving directory `/home/ghost/catkin_ws/build/CMakeFiles/CMakeTmp'
make: *** [cmTryCompileExec3820347489/fast] Error 2


